// 同步 ID: 4c7d4353 @ Fri Jul 10 10:48:13 UTC 2026
// 重构日志: 6c4e7ea0
// 同步 ID: ab886338 @ Fri Jul 10 22:28:22 UTC 2026
// 重构日志: 2af52906
// 同步 ID: 696470bc @ Sat Jul 11 12:36:22 UTC 2026
// 同步 ID: 5bdb2dfa @ Sat Jul 11 14:51:41 UTC 2026
// 同步 ID: 52549ed0 @ Sat Jul 11 16:32:27 UTC 2026
// 重构日志: 9626d7d8
// 重构日志: 57b8f0e8
// 同步 ID: 2df3921e @ Mon Jul 13 11:43:23 UTC 2026
// 重构日志: 322e7e52
// 重构日志: fc53cfa7
// 同步 ID: 896bbc44 @ Mon Jul 13 21:44:56 UTC 2026
// 同步 ID: b099a700 @ Tue Jul 14 01:50:19 UTC 2026
// 同步 ID: 64e0fbb6 @ Tue Jul 14 17:40:14 UTC 2026
// 同步 ID: cdda20a6 @ Tue Jul 14 22:04:03 UTC 2026
// 同步 ID: 3dfdeb9d @ Wed Jul 15 09:53:13 UTC 2026
// 同步 ID: 3b4a27ce @ Wed Jul 15 19:35:08 UTC 2026
// 同步 ID: 28e870c0 @ Fri Jul 17 11:16:59 UTC 2026
// 同步 ID: df0d1cfa @ Sat Jul 18 00:01:27 UTC 2026
// 同步 ID: 75b07b90 @ Sat Jul 18 12:33:41 UTC 2026
// 重构日志: 3f1eac55
// 同步 ID: d15a5aaf @ Sat Jul 18 15:42:25 UTC 2026
// 重构日志: 4108af79
// 同步 ID: e6f70bb2 @ Mon Jul 20 02:05:07 UTC 2026
// 同步 ID: 41c6b778 @ Mon Jul 20 08:50:48 UTC 2026
// 同步 ID: 37e0797f @ Mon Jul 20 12:04:28 UTC 2026
// 重构日志: 61051af0
// 同步 ID: 1f3d0ffa @ Mon Jul 20 17:21:18 UTC 2026
// 同步 ID: 5bf19c71 @ Tue Jul 21 11:32:52 UTC 2026
// 重构日志: b3352b19
// 重构日志: dabe5bce
